[debug] [2024-09-26T12:07:26.903Z] ----------------------------------------------------------------------
[debug] [2024-09-26T12:07:26.905Z] Command:       C:\Program Files\nodejs\node.exe C:\Users\brahm\AppData\Roaming\npm\node_modules\firebase-tools\lib\bin\firebase.js login
[debug] [2024-09-26T12:07:26.905Z] CLI Version:   13.19.0
[debug] [2024-09-26T12:07:26.905Z] Platform:      win32
[debug] [2024-09-26T12:07:26.905Z] Node Version:  v22.8.0
[debug] [2024-09-26T12:07:26.906Z] Time:          Thu Sep 26 2024 17:37:26 GMT+0530 (India Standard Time)
[debug] [2024-09-26T12:07:26.906Z] ----------------------------------------------------------------------
[debug] 
[debug] [2024-09-26T12:07:26.910Z] >>> [apiv2][query] GET https://firebase-public.firebaseio.com/cli.json [none]
[info] i  Firebase optionally collects CLI and Emulator Suite usage and error reporting information to help improve our products. Data is collected in accordance with Google's privacy policy (https://policies.google.com/privacy) and is not used to identify you.
 
[debug] [2024-09-26T12:07:29.853Z] <<< [apiv2][status] GET https://firebase-public.firebaseio.com/cli.json 200
[debug] [2024-09-26T12:07:29.853Z] <<< [apiv2][body] GET https://firebase-public.firebaseio.com/cli.json {"cloudBuildErrorAfter":1594252800000,"cloudBuildWarnAfter":1590019200000,"defaultNode10After":1594252800000,"minVersion":"3.0.5","node8DeploysDisabledAfter":1613390400000,"node8RuntimeDisabledAfter":1615809600000,"node8WarnAfter":1600128000000}
[info] i  To change your data collection preference at any time, run `firebase logout` and log in again. 
[info] 
[info] Visit this URL on this device to log in:
[info] https://accounts.google.com/o/oauth2/auth?client_id=563584335869-fgrhgmd47bqnekij5i8b5pr03ho849e6.apps.googleusercontent.com&scope=email%20openid%20https%3A%2F%2Fwww.googleapis.com%2Fauth%2Fcloudplatformprojects.readonly%20https%3A%2F%2Fwww.googleapis.com%2Fauth%2Ffirebase%20https%3A%2F%2Fwww.googleapis.com%2Fauth%2Fcloud-platform&response_type=code&state=435823507&redirect_uri=http%3A%2F%2Flocalhost%3A9005
[info] 
[info] Waiting for authentication...
[debug] [2024-09-26T12:08:03.320Z] >>> [apiv2][query] POST https://auth.firebase.tools/attest [none]
[debug] [2024-09-26T12:08:03.320Z] >>> [apiv2][body] POST https://auth.firebase.tools/attest {"session_id":"c937d6f5-3686-46f4-8ae6-c61a35c9987d"}
[debug] [2024-09-26T12:08:04.962Z] <<< [apiv2][status] POST https://auth.firebase.tools/attest 200
[debug] [2024-09-26T12:08:04.963Z] <<< [apiv2][body] POST https://auth.firebase.tools/attest {"token":"OQavhlXK1JRk33W9tD_Q4iBPieZkHpqO8NXt96d0CgE"}
[info] 
[info] To sign in to the Firebase CLI:
[info] 
[info] 1. Take note of your session ID:
[info] 
[info]    C937D
[info] 
[info] 2. Visit the URL below on any device and follow the instructions to get your code:
[info] 
[info]    https://auth.firebase.tools/login?code_challenge=rb_IiFzab2GHLScnGUgNwdNJyRDV6i67zqF-oT-5ycA&session=c937d6f5-3686-46f4-8ae6-c61a35c9987d&attest=OQavhlXK1JRk33W9tD_Q4iBPieZkHpqO8NXt96d0CgE
[info] 
[info] 3. Paste or enter the authorization code below once you have it:
[info] 
[debug] [2024-09-26T12:08:38.275Z] ----------------------------------------------------------------------
[debug] [2024-09-26T12:08:38.277Z] Command:       C:\Program Files\nodejs\node.exe C:\Users\brahm\AppData\Roaming\npm\node_modules\firebase-tools\lib\bin\firebase.js login
[debug] [2024-09-26T12:08:38.277Z] CLI Version:   13.19.0
[debug] [2024-09-26T12:08:38.277Z] Platform:      win32
[debug] [2024-09-26T12:08:38.278Z] Node Version:  v22.8.0
[debug] [2024-09-26T12:08:38.278Z] Time:          Thu Sep 26 2024 17:38:38 GMT+0530 (India Standard Time)
[debug] [2024-09-26T12:08:38.278Z] ----------------------------------------------------------------------
[debug] 
[info] i  Firebase optionally collects CLI and Emulator Suite usage and error reporting information to help improve our products. Data is collected in accordance with Google's privacy policy (https://policies.google.com/privacy) and is not used to identify you.
 
[info] i  To change your data collection preference at any time, run `firebase logout` and log in again. 
[info] 
[info] Visit this URL on this device to log in:
[info] https://accounts.google.com/o/oauth2/auth?client_id=563584335869-fgrhgmd47bqnekij5i8b5pr03ho849e6.apps.googleusercontent.com&scope=email%20openid%20https%3A%2F%2Fwww.googleapis.com%2Fauth%2Fcloudplatformprojects.readonly%20https%3A%2F%2Fwww.googleapis.com%2Fauth%2Ffirebase%20https%3A%2F%2Fwww.googleapis.com%2Fauth%2Fcloud-platform&response_type=code&state=283276736&redirect_uri=http%3A%2F%2Flocalhost%3A9005
[info] 
[info] Waiting for authentication...
